<?xml version="1.0" encoding="UTF-8"?>
<testng-results ignored="0" total="1" passed="1" failed="0" skipped="0">
	<reporter-output>
	</reporter-output>
	<suite started-at="2024-07-09T16:44:42 IST" name="Suite"
		finished-at="2024-07-09T16:44:44 IST" duration-ms="1776">
		<groups>
		</groups>
		<test started-at="2024-07-09T16:44:42 IST" name="Test"
			finished-at="2024-07-09T16:44:44 IST" duration-ms="1776">
			<class name="seleniumTests.AppTest">
				<test-method
					signature="testcase_01(java.lang.String,java.lang.String,java.lang.String)[pri:0, instance:seleniumTests.AppTest@51e5fc98]"
					started-at="2024-07-09T16:44:42 IST" name="testcase_01"
					finished-at="2024-07-09T16:44:44 IST" duration-ms="1763"
					status="PASS">
					<params>
						<param index="0">
							<value>
                <![CDATA[chrome]]>
              </value>
						</param>
						<param index="1">
							<value>
                <![CDATA[standard_user]]>
              </value>
						</param>
						<param index="2">
							<value>
                <![CDATA[secret_sauce]]>
              </value>
						</param>
					</params>
					<reporter-output>
					</reporter-output>
				</test-method> <!--
				testcase_01 -->
			</class> <!--
			seleniumTests.AppTest -->
		</test> <!--
		Test -->
	</suite> <!--
	Suite -->
</testng-results>
